/*C4*/SET SCHEMA PUBLIC
DISCONNECT
/*C5*/SET SCHEMA PUBLIC
create table Categoria (oid varchar(32) not null, descripcion varchar(50), primary key (oid))
alter table Cliente add column codigoPostal integer
alter table Cliente add column municipio varchar(20)
alter table Cliente add column provincia varchar(30)
alter table Cliente add column viaPublica varchar(30)
alter table Producto add column fotos varchar(32)
alter table Producto add column observaciones varchar(255)
alter table Producto add column precio numeric(19,2)
alter table Producto add column categoria_oid varchar(32)
alter table Producto add constraint FKc81rcy0vfdn5ewnap5scabhd3 foreign key (categoria_oid) references Categoria
INSERT INTO CATEGORIA VALUES('8a6409cc9a4c0f49019a4c0fd2f30000','Varon')
COMMIT
INSERT INTO CATEGORIA VALUES('8a6409cc9a4c0f49019a4c0fdcba0001','Dama')
COMMIT
DELETE FROM PRODUCTO WHERE NUMERO=1
INSERT INTO PRODUCTO VALUES(1,'Balon de Futbol','4C1086400AE4894C00000000BBF859B2',NULL,NULL,NULL)
COMMIT
DELETE FROM PRODUCTO WHERE NUMERO=1
INSERT INTO PRODUCTO VALUES(1,'Balon de Futbol','4C1086400AE4894C00000000BBF859B2','Balon Jabulani',100.00,'8a6409cc9a4c0f49019a4c0fd2f30000')
COMMIT
DELETE FROM CLIENTE WHERE NUMERO=1
INSERT INTO CLIENTE VALUES(1,'Francisco Guevara',10001,'Managua','Managua','Managua')
COMMIT
